godot/build/intermediates/manifest_merge_blame_file/debug/processDebugManifest/manifest-merger-blame-debug-report.txt
1<?xml version="1.0" encoding="utf-8"?>
2<manifest xmlns:android="http://schemas.android.com/apk/res/android"
3    xmlns:tools="http://schemas.android.com/tools"
4    package="com.godot.game" >
5
6    <uses-sdk android:minSdkVersion="19" />
6-->STI_PathFinder_22\godot\AndroidManifest.xml:5:5-43
6-->STI_PathFinder_22\godot\AndroidManifest.xml:5:15-41
7
8    <uses-feature
8-->STI_PathFinder_22\godot\AndroidManifest.xml:6:5-77
9        android:glEsVersion="0x00020000"
9-->STI_PathFinder_22\godot\AndroidManifest.xml:6:19-51
10        android:required="true" />
10-->STI_PathFinder_22\godot\AndroidManifest.xml:6:52-75
11
12    <application tools:node="merge" >
12-->STI_PathFinder_22\godot\AndroidManifest.xml:8:5-10:19
12-->STI_PathFinder_22\godot\AndroidManifest.xml:8:18-36
13
14        <!-- Keep library-only metadata or services here -->
15    </application>
16
17</manifest>